<?xml version="1.0" encoding="UTF-8"?>
<!-- Generated by org.testng.reporters.JUnitReportReporter -->
<testsuite skipped="0" hostname="DESKTOP-3MLRAML" name="appium.StartAppiumServerProgrammitically" tests="1" failures="0" timestamp="2022-03-11T21:00:50 EST" time="82.352" errors="0">
  <testcase name="startAppiumServer" time="82.352" classname="appium.StartAppiumServerProgrammitically"/>
  <system-out/>
</testsuite> <!-- appium.StartAppiumServerProgrammitically -->
